Watching for file changes with StatReloader
Performing system checks...

System check identified some issues:

WARNINGS:
todos.Todo: (models.W042) Auto-created primary key used when not defining a primary key type, by default 'django.db.models.AutoField'.
	HINT: Configure the DEFAULT_AUTO_FIELD setting or the TodosConfig.default_auto_field attribute to point to a subclass of AutoField, e.g. 'django.db.models.BigAutoField'.

System check identified 1 issue (0 silenced).
January 11, 2023 - 10:23:37
Django version 4.1.5, using settings 'todoApp.settings'
Starting development server at http://0.0.0.0:8001/
Quit the server with CONTROL-C.
[11/Jan/2023 10:23:40] "GET / HTTP/1.1" 302 0
[11/Jan/2023 10:23:40] "GET /todos HTTP/1.1" 301 0
[11/Jan/2023 10:23:41] "GET /todos/ HTTP/1.1" 200 3515
[11/Jan/2023 10:23:41] "GET /static/css/style.css HTTP/1.1" 200 225
Not Found: /favicon.ico
[11/Jan/2023 10:23:42] "GET /favicon.ico HTTP/1.1" 404 2573
[11/Jan/2023 10:23:47] "GET /todos/ HTTP/1.1" 200 3515
[11/Jan/2023 10:44:42] "GET / HTTP/1.1" 302 0
[11/Jan/2023 10:44:54] "GET / HTTP/1.1" 302 0
[11/Jan/2023 10:44:54] "GET /todos HTTP/1.1" 301 0
[11/Jan/2023 12:15:11] code 400, message Bad request version ('À\x14À')
[11/Jan/2023 12:17:04] You're accessing the development server over HTTPS, but it only supports HTTP.
